#
# There is insufficient memory for the Java Runtime Environment to continue.
# Native memory allocation (malloc) failed to allocate 474096 bytes for Chunk::new
# Possible reasons:
#   The system is out of physical RAM or swap space
#   In 32 bit mode, the process size limit was hit
# Possible solutions:
#   Reduce memory load on the system
#   Increase physical memory or swap space
#   Check if swap backing store is full
#   Use 64 bit Java on a 64 bit OS
#   Decrease Java heap size (-Xmx/-Xms)
#   Decrease number of Java threads
#   Decrease Java thread stack sizes (-Xss)
#   Set larger code cache with -XX:ReservedCodeCacheSize=
# This output file may be truncated or incomplete.
#
#  Out of Memory Error (allocation.cpp:390), pid=12052, tid=0x00000000000012ac
#
# JRE version: OpenJDK Runtime Environment (8.0_76-b03) (build 1.8.0_76-release-b03)
# Java VM: OpenJDK 64-Bit Server VM (25.76-b03 mixed mode windows-amd64 compressed oops)
# Failed to write core dump. Minidumps are not enabled by default on client versions of Windows
#

---------------  T H R E A D  ---------------

Current thread (0x00000000180fa000):  JavaThread "C2 CompilerThread0" daemon [_thread_in_native, id=4780, stack(0x0000000019650000,0x0000000019750000)]

Stack: [0x0000000019650000,0x0000000019750000]
[error occurred during error reporting (printing stack bounds), id 0xc0000005]

Native frames: (J=compiled Java code, j=interpreted, Vv=VM code, C=native code)


Current CompileTask:
C2:    785  391   !   4       com.android.dx.rop.type.Prototype::intern (233 bytes)


---------------  P R O C E S S  ---------------

Java Threads: ( => current thread )
  0x00000000198d2000 JavaThread "Service Thread" daemon [_thread_blocked, id=2684, stack(0x0000000019d50000,0x0000000019e50000)]
  0x0000000019896000 JavaThread "C1 CompilerThread2" daemon [_thread_blocked, id=3776, stack(0x0000000019c50000,0x0000000019d50000)]
  0x00000000180fc000 JavaThread "C2 CompilerThread1" daemon [_thread_in_native, id=456, stack(0x0000000019750000,0x0000000019850000)]
=>0x00000000180fa000 JavaThread "C2 CompilerThread0" daemon [_thread_in_native, id=4780, stack(0x0000000019650000,0x0000000019750000)]
  0x00000000180f8000 JavaThread "Attach Listener" daemon [_thread_blocked, id=3620, stack(0x0000000019550000,0x0000000019650000)]
  0x00000000180ad800 JavaThread "Signal Dispatcher" daemon [_thread_blocked, id=5524, stack(0x0000000019450000,0x0000000019550000)]
  0x000000000352c800 JavaThread "Finalizer" daemon [_thread_blocked, id=1336, stack(0x00000000192f0000,0x00000000193f0000)]
  0x0000000003521800 JavaThread "Reference Handler" daemon [_thread_blocked, id=5476, stack(0x00000000191f0000,0x00000000192f0000)]
  0x0000000003430800 JavaThread "main" [_thread_in_Java, id=236, stack(0x0000000001860000,0x0000000001960000)]

Other Threads:
  0x0000000018065800 VMThread [stack: 0x00000000190f0000,0x00000000191f0000] [id=7092]
  0x00000000198e1000 WatcherThread [stack: 0x0000000019e50000,0x0000000019f50000] [id=4896]

VM state:not at safepoint (normal execution)

VM Mutex/Monitor currently owned by a thread: None

Heap:
 PSYoungGen      total 38400K, used 18352K [0x00000000d5f00000, 0x00000000d8980000, 0x0000000100000000)
  eden space 33280K, 55% used [0x00000000d5f00000,0x00000000d70ec2f0,0x00000000d7f80000)
  from space 5120K, 0% used [0x00000000d8480000,0x00000000d8480000,0x00000000d8980000)
  to   space 5120K, 0% used [0x00000000d7f80000,0x00000000d7f80000,0x00000000d8480000)
 ParOldGen       total 87552K, used 0K [0x0000000081c00000, 0x0000000087180000, 0x00000000d5f00000)
  object space 87552K, 0% used [0x0000000081c00000,0x0000000081c00000,0x0000000087180000)
 Metaspace       used 3648K, capacity 5080K, committed 5376K, reserved 1056768K
  class space    used 379K, capacity 456K, committed 512K, reserved 1048576K

Card table byte_map: [0x0000000012930000,0x0000000012d30000] byte_map_base: 0x0000000012522000

Marking Bits: (ParMarkBitMap*) 0x0000000068469d00
 Begin Bits: [0x00000000133e0000, 0x0000000015370000)
 End Bits:   [0x0000000015370000, 0x0000000017300000)

Polling page: 0x0000000001970000

CodeCache: size=245760Kb used=2362Kb max_used=2364Kb free=243397Kb
 bounds [0x0000000003570000, 0x00000000037e0000, 0x0000000012570000]
 total_blobs=644 nmethods=395 adapters=163
 compilation: enabled

Compilation events (10 events):
Event: 0.712 Thread 0x0000000019896000  394       3       com.android.dx.cf.direct.MemberListParser::setObserver (6 bytes)
Event: 0.712 Thread 0x0000000019896000 nmethod 394 0x00000000037b9010 code [0x00000000037b9160, 0x00000000037b92d0]
Event: 0.713 Thread 0x0000000019896000  395       3       com.android.dx.cf.direct.MemberListParser::getEndOffset (9 bytes)
Event: 0.713 Thread 0x0000000019896000 nmethod 395 0x00000000037ba650 code [0x00000000037ba7c0, 0x00000000037baa88]
Event: 0.716 Thread 0x0000000019896000  396   !   3       java.util.zip.ZipFile::releaseInflater (41 bytes)
Event: 0.716 Thread 0x0000000019896000 nmethod 396 0x00000000037bc610 code [0x00000000037bc7c0, 0x00000000037bced8]
Event: 0.729 Thread 0x0000000019896000  397       3       com.android.dx.cf.iface.StdFieldList::get (9 bytes)
Event: 0.729 Thread 0x0000000019896000 nmethod 397 0x00000000037bc0d0 code [0x00000000037bc240, 0x00000000037bc548]
Event: 0.744 Thread 0x0000000019896000  398       3       com.android.dx.rop.cst.CstFieldRef::getType (8 bytes)
Event: 0.745 Thread 0x0000000019896000 nmethod 398 0x00000000037c1750 code [0x00000000037c18c0, 0x00000000037c1c68]

GC Heap History (0 events):
No events

Deoptimization events (0 events):
No events

Internal exceptions (2 events):
Event: 0.049 Thread 0x0000000003430800 Exception <a 'java/lang/NoSuchMethodError': Method sun.misc.Unsafe.defineClass(Ljava/lang/String;[BII)Ljava/lang/Class; name or signature does not match> (0x00000000d5f07cc0) thrown at [C:\src\android\AOSP-openjdk\external\jetbrains\jdk\hotspot\src\share\vHdýÈ@ô¨?
Event: 0.049 Thread 0x0000000003430800 Exception <a 'java/lang/NoSuchMethodError': Method sun.misc.Unsafe.prefetchRead(Ljava/lang/Object;J)V name or signature does not match> (0x00000000d5f07fa8) thrown at [C:\src\android\AOSP-openjdk\external\jetbrains\jdk\hotspot\src\share\vm\prims\jni.cpp, l

Events (10 events):
Event: 0.474 loading class com/android/dx/cf/attrib/AttEnclosingMethod
Event: 0.474 loading class com/android/dx/cf/attrib/AttEnclosingMethod done
Event: 0.481 loading class com/android/dx/cf/attrib/AttDeprecated
Event: 0.481 loading class com/android/dx/cf/attrib/AttDeprecated done
Event: 0.506 loading class com/android/dx/cf/code/ByteCatchList$Item
Event: 0.506 loading class com/android/dx/cf/code/ByteCatchList$Item done
Event: 0.609 loading class com/android/dx/cf/iface/ParseObserver
Event: 0.609 loading class com/android/dx/cf/iface/ParseObserver done
Event: 0.631 loading class com/android/dx/cf/attrib/AttExceptions
Event: 0.631 loading class com/android/dx/cf/attrib/AttExceptions done


Dynamic libraries:
0x00007ff78e5a0000 - 0x00007ff78e5d1000 	C:\android-studio\jre\bin\java.exe
0x00007ffcc8fb0000 - 0x00007ffcc9181000 	C:\WINDOWS\SYSTEM32\ntdll.dll
0x00007ffcc8280000 - 0x00007ffcc832b000 	C:\WINDOWS\System32\KERNEL32.DLL
0x00007ffcc56e0000 - 0x00007ffcc58fd000 	C:\WINDOWS\System32\KERNELBASE.dll
0x00007ffcc81d0000 - 0x00007ffcc8272000 	C:\WINDOWS\System32\ADVAPI32.dll
0x00007ffcc87e0000 - 0x00007ffcc887e000 	C:\WINDOWS\System32\msvcrt.dll
0x00007ffcc8e60000 - 0x00007ffcc8eb9000 	C:\WINDOWS\System32\sechost.dll
0x00007ffcc7d90000 - 0x00007ffcc7eb1000 	C:\WINDOWS\System32\RPCRT4.dll
0x00007ffcc83a0000 - 0x00007ffcc8505000 	C:\WINDOWS\System32\USER32.dll
0x00007ffcc54a0000 - 0x00007ffcc54be000 	C:\WINDOWS\System32\win32u.dll
0x00007ffcc8190000 - 0x00007ffcc81c4000 	C:\WINDOWS\System32\GDI32.dll
0x00007ffcc5a00000 - 0x00007ffcc5b82000 	C:\WINDOWS\System32\gdi32full.dll
0x00007ffcbf790000 - 0x00007ffcbfa09000 	C:\WINDOWS\WinSxS\amd64_microsoft.windows.common-controls_6595b64144ccf1df_6.0.14393.447_none_42191651c6827bb3\COMCTL32.dll
0x00007ffcc8510000 - 0x00007ffcc87d8000 	C:\WINDOWS\System32\combase.dll
0x00007ffcc5b90000 - 0x00007ffcc5c85000 	C:\WINDOWS\System32\ucrtbase.dll
0x00007ffcc54c0000 - 0x00007ffcc552a000 	C:\WINDOWS\System32\bcryptPrimitives.dll
0x00007ffcc8f80000 - 0x00007ffcc8fae000 	C:\WINDOWS\System32\IMM32.DLL
0x0000000067590000 - 0x0000000067662000 	C:\android-studio\jre\jre\bin\msvcr100.dll
0x0000000067cb0000 - 0x00000000684e4000 	C:\android-studio\jre\jre\bin\server\jvm.dll
0x00007ffcc8a20000 - 0x00007ffcc8a28000 	C:\WINDOWS\System32\PSAPI.DLL
0x00007ffcc33f0000 - 0x00007ffcc3413000 	C:\WINDOWS\SYSTEM32\WINMM.dll
0x00007ffcbffb0000 - 0x00007ffcbffba000 	C:\WINDOWS\SYSTEM32\VERSION.dll
0x00007ffcae9a0000 - 0x00007ffcae9a9000 	C:\WINDOWS\SYSTEM32\WSOCK32.dll
0x00007ffcc8330000 - 0x00007ffcc839a000 	C:\WINDOWS\System32\WS2_32.dll
0x00007ffcc33c0000 - 0x00007ffcc33eb000 	C:\WINDOWS\SYSTEM32\WINMMBASE.dll
0x00007ffcc5900000 - 0x00007ffcc5942000 	C:\WINDOWS\System32\cfgmgr32.dll
0x00007ffcb77d0000 - 0x00007ffcb77df000 	C:\android-studio\jre\jre\bin\verify.dll
0x00007ffcb77a0000 - 0x00007ffcb77c9000 	C:\android-studio\jre\jre\bin\java.dll
0x00007ffcb3870000 - 0x00007ffcb3886000 	C:\android-studio\jre\jre\bin\zip.dll
0x00007ffcc6870000 - 0x00007ffcc7d79000 	C:\WINDOWS\System32\SHELL32.dll
0x00007ffcc5c90000 - 0x00007ffcc636a000 	C:\WINDOWS\System32\windows.storage.dll
0x00007ffcc5450000 - 0x00007ffcc549c000 	C:\WINDOWS\System32\powrprof.dll
0x00007ffcc7fc0000 - 0x00007ffcc8012000 	C:\WINDOWS\System32\shlwapi.dll
0x00007ffcc5430000 - 0x00007ffcc543f000 	C:\WINDOWS\System32\kernel.appcore.dll
0x00007ffcc5590000 - 0x00007ffcc5639000 	C:\WINDOWS\System32\shcore.dll
0x00007ffcc5410000 - 0x00007ffcc5424000 	C:\WINDOWS\System32\profapi.dll

VM Arguments:
jvm_args: -Djava.awt.headless=true -Dfile.encoding=GBK -Duser.country=CN -Duser.language=zh -Duser.variant 
java_command: com.android.multidex.ClassReferenceListBuilder G:\AndroidHomeSpace\TinyWorldNew\app\build\intermediates\multi-dex\debug\componentClasses.jar G:\AndroidHomeSpace\TinyWorldNew\app\build\intermediates\transforms\jarMerging\debug\jars\1\1f\combined.jar
java_class_path (initial): C:\adt-bundle-windows-x86_64-20140702\sdk\build-tools\25.0.0\lib\dx.jar
Launcher Type: SUN_STANDARD

Environment Variables:
JAVA_HOME=C:\Program Files\Java\jdk1.8.0_51
CLASSPATH=.;C:\Program Files\Java\jdk1.8.0_51\lib\dt.jar;C:\Program Files\Java\jdk1.8.0_51\lib\tools.jar;
PATH=C:\adt-bundle-windows-x86_64-20140702\sdk\platform-tools;C:\adt-bundle-windows-x86_64-20140702\sdk\tools;C:\Program Files\Java\jdk1.8.0_51\bin;C:\Program Files\Java\jdk1.8.0_51\jre\bin;C:\ProgramData\Oracle\Java\javapath;C:\WINDOWS\system32;C:\WINDOWS;C:\WINDOWS\System32\Wbem;C:\WINDOWS\System32\WindowsPowerShell\v1.0\;C:\Program Files (x86)\NVIDIA Corporation\PhysX\Common;C:\Program Files\MySQL\MySQL Server 5.7\bin;C:\Program Files (x86)\MySQL\MySQL Server 5.1\bin;C:\WINDOWS\system32;C:\WINDOWS;C:\WINDOWS\System32\Wbem;C:\adt-bundle-windows-x86_64-20140702\sdk\platform-tools\adb.exe;?C:\Program Files\Genymobile\Genymotion\tools\adb.exe;C:\WINDOWS\System32\WindowsPowerShell\v1.0\;C:\Program Files (x86)\GtkSharp\2.12\bin;C:\Program Files\Git\cmd;C:\Users\63170_000\AppData\Local\Microsoft\WindowsApps;
USERNAME=kingwag
OS=Windows_NT
PROCESSOR_IDENTIFIER=Intel64 Family 6 Model 58 Stepping 9, GenuineIntel



---------------  S Y S T E M  ---------------

OS: Windows 10.0 , 64 bit Build 14393 (10.0.14393.0)

CPU:total 4 (2 cores per cpu, 2 threads per core) family 6 model 58 stepping 9, cmov, cx8, fxsr, mmx, sse, sse2, sse3, ssse3, sse4.1, sse4.2, popcnt, avx, aes, clmul, erms, ht, tsc, tscinvbit, tscinv

Memory: 4k page, physical 8271408k(526056k free), swap 8271408k(6388k free)

vm_info: OpenJDK 64-Bit Server VM (25.76-b03) for windows-amd64 JRE (1.8.0_76-release-b03), built on Jun 29 2016 19:09:20 by "ralucas" with MS VC++ 10.0 (VS2010)

time: Thu Dec 29 12:02:37 2016
elapsed time: 0 seconds (0d 0h 0m 0s)

